#
# There is insufficient memory for the Java Runtime Environment to continue.
# Native memory allocation (mmap) failed to map 266338304 bytes for Failed to commit area from 0x0000000703600000 to 0x0000000713400000 of length 266338304.
# Possible reasons:
#   The system is out of physical RAM or swap space
#   The process is running with CompressedOops enabled, and the Java Heap may be blocking the growth of the native heap
# Possible solutions:
#   Reduce memory load on the system
#   Increase physical memory or swap space
#   Check if swap backing store is full
#   Decrease Java heap size (-Xmx/-Xms)
#   Decrease number of Java threads
#   Decrease Java thread stack sizes (-Xss)
#   Set larger code cache with -XX:ReservedCodeCacheSize=
# This output file may be truncated or incomplete.
#
#  Out of Memory Error (./open/src/hotspot/os/windows/os_windows.cpp:3284), pid=18976, tid=28628
#
# JRE version:  (11.0.14+8) (build )
# Java VM: Java HotSpot(TM) 64-Bit Server VM (11.0.14+8-LTS-263, mixed mode, sharing, tiered, compressed oops, g1 gc, windows-amd64)
# No core dump will be written. Minidumps are not enabled by default on client versions of Windows
#

---------------  S U M M A R Y ------------

Command Line: -Dfile.encoding=UTF-8 --module-path=C:\Users\Tiffany Joycelyn\eclipse-workspace\testing\src -Djdk.module.main=gslcOOPHackathon gslcOOPHackathon/main.Main

Host: 11th Gen Intel(R) Core(TM) i7-11370H @ 3.30GHz, 8 cores, 15G,  Windows 11 , 64 bit Build 22621 (10.0.22621.2506)
Time: Fri Dec 15 23:34:30 2023 SE Asia Standard Time elapsed time: 0.047673 seconds (0d 0h 0m 0s)

---------------  T H R E A D  ---------------

Current thread (0x00000172e4272000):  JavaThread "Unknown thread" [_thread_in_vm, id=28628, stack(0x0000005364900000,0x0000005364a00000)]

Stack: [0x0000005364900000,0x0000005364a00000]
Native frames: (J=compiled Java code, j=interpreted, Vv=VM code, C=native code)
V  [jvm.dll+0x6296da]
V  [jvm.dll+0x76323f]
V  [jvm.dll+0x7648e9]
V  [jvm.dll+0x764f73]
V  [jvm.dll+0x23d7c8]
V  [jvm.dll+0x626a5a]
V  [jvm.dll+0x61b7f5]
V  [jvm.dll+0x2f262c]
V  [jvm.dll+0x2f24b2]
V  [jvm.dll+0x2f71d6]
V  [jvm.dll+0x339bdf]
V  [jvm.dll+0x339610]
V  [jvm.dll+0x2cfc48]
V  [jvm.dll+0x2d0db6]
V  [jvm.dll+0x73d857]
V  [jvm.dll+0x73f0ef]
V  [jvm.dll+0x346909]
V  [jvm.dll+0x723160]
V  [jvm.dll+0x3b551f]
V  [jvm.dll+0x3b7631]
C  [jli.dll+0x5207]
C  [ucrtbase.dll+0x29363]
C  [KERNEL32.DLL+0x1257d]
C  [ntdll.dll+0x5aa58]


---------------  P R O C E S S  ---------------

Threads class SMR info:
_java_thread_list=0x00000172e2024420, length=0, elements={
}

Java Threads: ( => current thread )

Other Threads:
  0x00000172e4288800 GCTaskThread "GC Thread#0" [stack: 0x0000005364a00000,0x0000005364b00000] [id=14088]
  0x00000172e42e6000 ConcurrentGCThread "G1 Main Marker" [stack: 0x0000005364b00000,0x0000005364c00000] [id=15060]
  0x00000172e42e7000 ConcurrentGCThread "G1 Conc#0" [stack: 0x0000005364c00000,0x0000005364d00000] [id=19660]

[error occurred during error reporting (printing all threads), id 0xc0000005, EXCEPTION_ACCESS_VIOLATION (0xc0000005) at pc=0x00007ff8aeeeeed7]

VM state:not at safepoint (not fully initialized)

VM Mutex/Monitor currently owned by a thread:  ([mutex/lock_event])
[0x00000172e426e850] Heap_lock - owner thread: 0x00000172e4272000

Heap address: 0x0000000703600000, size: 4042 MB, Compressed Oops mode: Non-zero based: 0x0000000703600000
Narrow klass base: 0x0000000000000000, Narrow klass shift: 0

GC Heap History (0 events):
No events

Deoptimization events (0 events):
No events

Classes redefined (0 events):
No events

Internal exceptions (0 events):
No events

Events (0 events):
No events


Dynamic libraries:
0x00007ff6444d0000 - 0x00007ff6444df000 	C:\Program Files\Java\jdk-11.0.14\bin\javaw.exe
0x00007ff93ec50000 - 0x00007ff93ee67000 	C:\WINDOWS\SYSTEM32\ntdll.dll
0x00007ff93e1f0000 - 0x00007ff93e2b4000 	C:\WINDOWS\System32\KERNEL32.DLL
0x00007ff93c580000 - 0x00007ff93c926000 	C:\WINDOWS\System32\KERNELBASE.dll
0x00007ff93bfc0000 - 0x00007ff93c0d1000 	C:\WINDOWS\System32\ucrtbase.dll
0x00007ff925230000 - 0x00007ff925248000 	C:\Program Files\Java\jdk-11.0.14\bin\jli.dll
0x00007ff925250000 - 0x00007ff925265000 	C:\Program Files\Java\jdk-11.0.14\bin\VCRUNTIME140.dll
0x00007ff93e400000 - 0x00007ff93e4b1000 	C:\WINDOWS\System32\ADVAPI32.dll
0x00007ff93e010000 - 0x00007ff93e0b7000 	C:\WINDOWS\System32\msvcrt.dll
0x00007ff93e350000 - 0x00007ff93e3f5000 	C:\WINDOWS\System32\sechost.dll
0x00007ff93e0c0000 - 0x00007ff93e1d7000 	C:\WINDOWS\System32\RPCRT4.dll
0x00007ff93d5f0000 - 0x00007ff93d79e000 	C:\WINDOWS\System32\USER32.dll
0x00007ff93c1a0000 - 0x00007ff93c1c6000 	C:\WINDOWS\System32\win32u.dll
0x00007ff925460000 - 0x00007ff9256f3000 	C:\WINDOWS\WinSxS\amd64_microsoft.windows.common-controls_6595b64144ccf1df_6.0.22621.2506_none_270c5ae97388e100\COMCTL32.dll
0x00007ff93ddb0000 - 0x00007ff93ddd9000 	C:\WINDOWS\System32\GDI32.dll
0x00007ff93c460000 - 0x00007ff93c578000 	C:\WINDOWS\System32\gdi32full.dll
0x00007ff93c3c0000 - 0x00007ff93c45a000 	C:\WINDOWS\System32\msvcp_win.dll
0x00007ff933a60000 - 0x00007ff933a6a000 	C:\WINDOWS\SYSTEM32\VERSION.dll
0x00007ff93e310000 - 0x00007ff93e341000 	C:\WINDOWS\System32\IMM32.DLL
0x00007ff8df440000 - 0x00007ff8df4db000 	C:\Program Files\Java\jdk-11.0.14\bin\msvcp140.dll
0x00007ff8aec10000 - 0x00007ff8af726000 	C:\Program Files\Java\jdk-11.0.14\bin\server\jvm.dll
0x00007ff93dde0000 - 0x00007ff93dde8000 	C:\WINDOWS\System32\PSAPI.DLL
0x00007ff900d40000 - 0x00007ff900d49000 	C:\WINDOWS\SYSTEM32\WSOCK32.dll
0x00007ff92e980000 - 0x00007ff92e9b4000 	C:\WINDOWS\SYSTEM32\WINMM.dll
0x00007ff93e4c0000 - 0x00007ff93e531000 	C:\WINDOWS\System32\WS2_32.dll
0x00007ff93b0b0000 - 0x00007ff93b0c8000 	C:\WINDOWS\SYSTEM32\kernel.appcore.dll
0x00007ff92ea60000 - 0x00007ff92ea70000 	C:\Program Files\Java\jdk-11.0.14\bin\verify.dll
0x00007ff939460000 - 0x00007ff939693000 	C:\WINDOWS\SYSTEM32\DBGHELP.DLL
0x00007ff93c9a0000 - 0x00007ff93cd29000 	C:\WINDOWS\System32\combase.dll
0x00007ff93daa0000 - 0x00007ff93db77000 	C:\WINDOWS\System32\OLEAUT32.dll
0x00007ff9215c0000 - 0x00007ff9215f2000 	C:\WINDOWS\SYSTEM32\dbgcore.DLL
0x00007ff93c1d0000 - 0x00007ff93c24a000 	C:\WINDOWS\System32\bcryptPrimitives.dll
0x00007ff924800000 - 0x00007ff924828000 	C:\Program Files\Java\jdk-11.0.14\bin\java.dll
0x00007ff929100000 - 0x00007ff92910a000 	C:\Program Files\Java\jdk-11.0.14\bin\jimage.dll
0x00007ff924790000 - 0x00007ff9247a6000 	C:\Program Files\Java\jdk-11.0.14\bin\zip.dll

dbghelp: loaded successfully - version: 4.0.5 - missing functions: none
symbol engine: initialized successfully - sym options: 0x614 - pdb path: .;C:\Program Files\Java\jdk-11.0.14\bin;C:\WINDOWS\SYSTEM32;C:\WINDOWS\WinSxS\amd64_microsoft.windows.common-controls_6595b64144ccf1df_6.0.22621.2506_none_270c5ae97388e100;C:\Program Files\Java\jdk-11.0.14\bin\server

VM Arguments:
jvm_args: -Dfile.encoding=UTF-8 --module-path=C:\Users\Tiffany Joycelyn\eclipse-workspace\testing\src -Djdk.module.main=gslcOOPHackathon 
java_command: gslcOOPHackathon/main.Main
java_class_path (initial): <not set>
Launcher Type: SUN_STANDARD

[Global flags]
     intx CICompilerCount                          = 4                                         {product} {ergonomic}
     uint ConcGCThreads                            = 2                                         {product} {ergonomic}
     uint G1ConcRefinementThreads                  = 8                                         {product} {ergonomic}
   size_t G1HeapRegionSize                         = 1048576                                   {product} {ergonomic}
    uintx GCDrainStackTargetSize                   = 64                                        {product} {ergonomic}
   size_t InitialHeapSize                          = 266338304                                 {product} {ergonomic}
   size_t MarkStackSize                            = 4194304                                   {product} {ergonomic}
   size_t MaxHeapSize                              = 4238344192                                {product} {ergonomic}
   size_t MinHeapDeltaBytes                        = 1048576                                   {product} {ergonomic}
    uintx NonNMethodCodeHeapSize                   = 5836300                                {pd product} {ergonomic}
    uintx NonProfiledCodeHeapSize                  = 122910970                              {pd product} {ergonomic}
    uintx ProfiledCodeHeapSize                     = 122910970                              {pd product} {ergonomic}
    uintx ReservedCodeCacheSize                    = 251658240                              {pd product} {ergonomic}
     bool SegmentedCodeCache                       = true                                      {product} {ergonomic}
     bool UseCompressedClassPointers               = true                                 {lp64_product} {ergonomic}
     bool UseCompressedOops                        = true                                 {lp64_product} {ergonomic}
     bool UseG1GC                                  = true                                      {product} {ergonomic}
     bool UseLargePagesIndividualAllocation        = false                                  {pd product} {ergonomic}

Logging:
Log output configuration:
 #0: stdout all=warning uptime,level,tags
 #1: stderr all=off uptime,level,tags

Environment Variables:
PATH=C:/Program Files/Java/jdk-11.0.14/bin/server;C:/Program Files/Java/jdk-11.0.14/bin;C:\Program Files\Common Files\Oracle\Java\javapath;C:\Program Files (x86)\Dev-Cpp\MinGW64\bin;C:\Windows\system32;C:\Windows;C:\Windows\System32\Wbem;C:\Windows\System32\WindowsPowerShell\v1.0\;C:\Windows\System32\OpenSSH\;C:\Program Files (x86)\NVIDIA Corporation\PhysX\Common;C:\Program Files\NVIDIA Corporation\NVIDIA NvDLISR;C:\WINDOWS\system32;C:\WINDOWS;C:\WINDOWS\System32\Wbem;C:\WINDOWS\System32\WindowsPowerShell\v1.0\;C:\WINDOWS\System32\OpenSSH\;C:\Program Files\Microsoft SQL Server\Client SDK\ODBC\170\Tools\Binn\;C:\Program Files (x86)\Microsoft SQL Server\150\Tools\Binn\;C:\Program Files\Microsoft SQL Server\150\Tools\Binn\;C:\Program Files\Microsoft SQL Server\150\DTS\Binn\;C:\Program Files (x86)\Microsoft SQL Server\150\DTS\Binn\;C:\Program Files\Git\cmd;%NVM_HOME%;%NVM_SYMLINK%;C:\Program Files (x86)\ZeroTier\One\;C:\Users\Tiffany Joycelyn\AppData\Local\Programs\Python\Python37\Scripts\;C:\Users\Tiffany Joycelyn\AppData\Local\Programs\Python\Python37\;C:\Program Files (x86)\Dev-Cpp\MinGW64\bin;C:\Users\Tiffany Joycelyn\AppData\Local\Microsoft\WindowsApps;C:\Users\Tiffany Joycelyn\AppData\Local\Programs\Microsoft VS Code\bin;C:\Program Files\Azure Data Studio\bin;C:\Users\Tiffany Joycelyn\AppData\Roaming\nvm;C:\Program Files\nodejs;C:\WINDOWS\System32;
USERNAME=Tiffany Joycelyn
OS=Windows_NT
PROCESSOR_IDENTIFIER=Intel64 Family 6 Model 140 Stepping 1, GenuineIntel



---------------  S Y S T E M  ---------------

OS: Windows 11 , 64 bit Build 22621 (10.0.22621.2506)

CPU:total 8 (initial active 8) (4 cores per cpu, 2 threads per core) family 6 model 140 stepping 1 microcode 0xa4, cmov, cx8, fxsr, mmx, sse, sse2, sse3, ssse3, sse4.1, sse4.2, popcnt, avx, avx2, aes, clmul, erms, 3dnowpref, lzcnt, ht, tsc, tscinvbit, bmi1, bmi2, adx, evex, sha, fma

Memory: 4k page, system-wide physical 16167M (4475M free)
TotalPageFile size 47276M (AvailPageFile size 165M)
current process WorkingSet (physical memory assigned to process): 10M, peak: 10M
current process commit charge ("private bytes"): 60M, peak: 314M

vm_info: Java HotSpot(TM) 64-Bit Server VM (11.0.14+8-LTS-263) for windows-amd64 JRE (11.0.14+8-LTS-263), built on Dec  7 2021 21:53:57 by "mach5one" with MS VC++ 15.9 (VS2017)

END.
